
index % time    self  children    called     name

                0.00    0.00        1/1           <UNKNOWN>
[0]      0.0    0.00    0.00        1         graphics_get_display_size [0]
                0.00    0.00        1/1           vc_dispmanx_display_close [224]
                0.00    0.00        1/1           vc_dispmanx_display_get_info [223]
                0.00    0.00        1/2           vc_dispmanx_display_open [217]
-----------------------------------------------
                0.00    0.00        1/1           <UNKNOWN>
[3]      0.0    0.00    0.00        1         bcm_host_init [3]
                0.00    0.00        1/1           vc_gencmd [38]
                0.00    0.00        1/1           vc_vchi_cec_init [158]
                0.00    0.00        1/1           vc_vchi_tv_init [67]
                0.00    0.00        1/1           vc_vchi_dispmanx_init [208]
                0.00    0.00        1/1           vc_vchi_gencmd_init [32]
-----------------------------------------------
                0.00    0.00        1/3           vc_gencmd_read_response [37]
                0.00    0.00        1/3           vc_gencmd_send_list [35]
                0.00    0.00        1/3           vc_gencmd [38]
[29]     0.0    0.00    0.00        3         use_gencmd_service [29]
-----------------------------------------------
                0.00    0.00        1/4           vc_gencmd [38]
                0.00    0.00        1/4           vc_gencmd_read_response [37]
                0.00    0.00        1/4           vc_gencmd_send_list [35]
                0.00    0.00        1/4           vc_vchi_gencmd_init [32]
[30]     0.0    0.00    0.00        4         release_gencmd_service [30]
-----------------------------------------------
                0.00    0.00        1/1           bcm_host_init [3]
[32]     0.0    0.00    0.00        1         vc_vchi_gencmd_init [32]
                0.00    0.00        1/4           release_gencmd_service [30]
-----------------------------------------------
                0.00    0.00        1/1           vc_gencmd [38]
[35]     0.0    0.00    0.00        1         vc_gencmd_send_list [35]
                0.00    0.00        1/4           release_gencmd_service [30]
                0.00    0.00        1/3           use_gencmd_service [29]
-----------------------------------------------
                0.00    0.00        1/1           vc_gencmd [38]
[37]     0.0    0.00    0.00        1         vc_gencmd_read_response [37]
                0.00    0.00        1/4           release_gencmd_service [30]
                0.00    0.00        1/3           use_gencmd_service [29]
-----------------------------------------------
                0.00    0.00        1/1           bcm_host_init [3]
[38]     0.0    0.00    0.00        1         vc_gencmd [38]
                0.00    0.00        1/4           release_gencmd_service [30]
                0.00    0.00        1/1           vc_gencmd_read_response [37]
                0.00    0.00        1/1           vc_gencmd_send_list [35]
                0.00    0.00        1/3           use_gencmd_service [29]
-----------------------------------------------
                0.00    0.00        1/1           bcm_host_init [3]
[67]     0.0    0.00    0.00        1         vc_vchi_tv_init [67]
                0.00    0.00        1/1           vc_tv_get_attached_devices [140]
-----------------------------------------------
                0.00    0.00        1/1           vc_vchi_tv_init [67]
[140]    0.0    0.00    0.00        1         vc_tv_get_attached_devices [140]
-----------------------------------------------
                0.00    0.00        1/1           bcm_host_init [3]
[158]    0.0    0.00    0.00        1         vc_vchi_cec_init [158]
-----------------------------------------------
                0.00    0.00        1/1           bcm_host_init [3]
[208]    0.0    0.00    0.00        1         vc_vchi_dispmanx_init [208]
-----------------------------------------------
                0.00    0.00        1/2           <UNKNOWN>
                0.00    0.00        1/2           graphics_get_display_size [0]
[217]    0.0    0.00    0.00        2         vc_dispmanx_display_open [217]
-----------------------------------------------
                0.00    0.00        1/1           graphics_get_display_size [0]
[223]    0.0    0.00    0.00        1         vc_dispmanx_display_get_info [223]
-----------------------------------------------
                0.00    0.00        1/1           graphics_get_display_size [0]
[224]    0.0    0.00    0.00        1         vc_dispmanx_display_close [224]
-----------------------------------------------
                0.00    0.00        1/1           <UNKNOWN>
[225]    0.0    0.00    0.00        1         vc_dispmanx_update_start [225]
-----------------------------------------------
                0.00    0.00        1/1           <UNKNOWN>
[227]    0.0    0.00    0.00        1         vc_dispmanx_update_submit_sync [227]
-----------------------------------------------
                0.00    0.00        1/1           <UNKNOWN>
[228]    0.0    0.00    0.00        1         vc_dispmanx_element_add [228]
-----------------------------------------------
