
index % time    self  children    called     name

                0.00    0.00        1/1           glBufferData [21]
[5]      0.0    0.00    0.00        1         glxx_buffer_info_set [5]
-----------------------------------------------
                0.00    0.00        1/1           glBufferData [21]
[6]      0.0    0.00    0.00        1         glxx_buffer_info_get [6]
-----------------------------------------------
                0.00    0.00        2/2           <UNKNOWN>
[11]     0.0    0.00    0.00        2         glAttachShader [11]
-----------------------------------------------
                0.00    0.00        3/3           <UNKNOWN>
[13]     0.0    0.00    0.00        3         glBindBuffer [13]
-----------------------------------------------
                0.00    0.00        2/2           <UNKNOWN>
[14]     0.0    0.00    0.00        2         glBindTexture [14]
-----------------------------------------------
                0.00    0.00        1/1           <UNKNOWN>
[21]     0.0    0.00    0.00        1         glBufferData [21]
                0.00    0.00        1/1           glxx_buffer_info_set [5]
                0.00    0.00        1/1           glxx_buffer_info_get [6]
-----------------------------------------------
                0.00    0.00        2/2           <UNKNOWN>
[23]     0.0    0.00    0.00        2         glClear [23]
-----------------------------------------------
                0.00    0.00        2/2           <UNKNOWN>
[24]     0.0    0.00    0.00        2         glClearColor [24]
-----------------------------------------------
                0.00    0.00        1/1           <UNKNOWN>
[45]     0.0    0.00    0.00        1         glCreateProgram [45]
-----------------------------------------------
                0.00    0.00        2/2           <UNKNOWN>
[46]     0.0    0.00    0.00        2         glCreateShader [46]
-----------------------------------------------
                0.00    0.00        1/1           <UNKNOWN>
[65]     0.0    0.00    0.00        1         glDrawArrays [65]
-----------------------------------------------
                0.00    0.00        1/1           <UNKNOWN>
[69]     0.0    0.00    0.00        1         glEnableVertexAttribArray [69]
                0.00    0.00        1/1           glintAttribEnable [290]
-----------------------------------------------
                0.00    0.00        1/1           <UNKNOWN>
[70]     0.0    0.00    0.00        1         glFinish [70]
-----------------------------------------------
                0.00    0.00        1/1           <UNKNOWN>
[71]     0.0    0.00    0.00        1         glFlush [71]
-----------------------------------------------
                0.00    0.00        1/1           <UNKNOWN>
[79]     0.0    0.00    0.00        1         glGenBuffers [79]
-----------------------------------------------
                0.00    0.00        1/1           <UNKNOWN>
[80]     0.0    0.00    0.00        1         glGenTextures [80]
-----------------------------------------------
                0.00    0.00        1/1           <UNKNOWN>
[84]     0.0    0.00    0.00        1         glGetAttribLocation [84]
-----------------------------------------------
                0.00    0.00       30/30          <UNKNOWN>
[93]     0.0    0.00    0.00       30         glGetError [93]
-----------------------------------------------
                0.00    0.00        1/1           <UNKNOWN>
[103]    0.0    0.00    0.00        1         glGetProgramInfoLog [103]
-----------------------------------------------
                0.00    0.00        1/1           <UNKNOWN>
[133]    0.0    0.00    0.00        1         glLinkProgram [133]
-----------------------------------------------
                0.00    0.00        1/1           <UNKNOWN>
[193]    0.0    0.00    0.00        1         glTexImage2D [193]
-----------------------------------------------
                0.00    0.00        2/2           <UNKNOWN>
[195]    0.0    0.00    0.00        2         glTexParameterf [195]
-----------------------------------------------
                0.00    0.00        1/1           <UNKNOWN>
[223]    0.0    0.00    0.00        1         glUseProgram [223]
-----------------------------------------------
                0.00    0.00        1/1           <UNKNOWN>
[235]    0.0    0.00    0.00        1         glVertexAttribPointer [235]
                0.00    0.00        1/1           glintAttribPointer [287]
-----------------------------------------------
                0.00    0.00        1/1           <UNKNOWN>
[239]    0.0    0.00    0.00        1         glViewport [239]
-----------------------------------------------
                0.00    0.00        2/2           <UNKNOWN>
[242]    0.0    0.00    0.00        2         glCompileShader [242]
-----------------------------------------------
                0.00    0.00        2/2           <UNKNOWN>
[244]    0.0    0.00    0.00        2         glGetShaderInfoLog [244]
-----------------------------------------------
                0.00    0.00        2/2           <UNKNOWN>
[248]    0.0    0.00    0.00        2         glShaderSource [248]
-----------------------------------------------
                0.00    0.00        3/3           glBindFramebuffer [264]
[263]    0.0    0.00    0.00        3         glxx_client_BindFramebuffer [263]
-----------------------------------------------
                0.00    0.00        3/3           <UNKNOWN>
[264]    0.0    0.00    0.00        3         glBindFramebuffer [264]
                0.00    0.00        3/3           glxx_client_BindFramebuffer [263]
-----------------------------------------------
                0.00    0.00        1/1           glGenFramebuffers [268]
[267]    0.0    0.00    0.00        1         glxx_client_GenFramebuffers [267]
-----------------------------------------------
                0.00    0.00        1/1           <UNKNOWN>
[268]    0.0    0.00    0.00        1         glGenFramebuffers [268]
                0.00    0.00        1/1           glxx_client_GenFramebuffers [267]
-----------------------------------------------
                0.00    0.00        1/1           glFramebufferTexture2D [272]
[271]    0.0    0.00    0.00        1         glxx_client_FramebufferTexture2D [271]
-----------------------------------------------
                0.00    0.00        1/1           <UNKNOWN>
[272]    0.0    0.00    0.00        1         glFramebufferTexture2D [272]
                0.00    0.00        1/1           glxx_client_FramebufferTexture2D [271]
-----------------------------------------------
                0.00    0.00        1/1           <UNKNOWN>
[283]    0.0    0.00    0.00        1         gl20_client_state_init [283]
                0.00    0.00        1/1           khrn_cache_init [301]
-----------------------------------------------
                0.00    0.00        1/1           glVertexAttribPointer [235]
[287]    0.0    0.00    0.00        1         glintAttribPointer [287]
-----------------------------------------------
                0.00    0.00        1/1           glEnableVertexAttribArray [69]
[290]    0.0    0.00    0.00        1         glintAttribEnable [290]
-----------------------------------------------
                0.00    0.00        1/1           gl20_client_state_init [283]
[301]    0.0    0.00    0.00        1         khrn_cache_init [301]
-----------------------------------------------
