egl_config_get_attrib              egl_config_is_lockable                     9
egl_config_filter                  egl_config_get_attrib                     91
egl_config_get_api_support         egl_config_get_color_format                3
egl_config_get_api_support         egl_config_is_lockable                     3
egl_context_create                 rpc_end                                    1
egl_context_create                 rpc_recv                                   1
egl_context_create                 rpc_send_ctrl_end                          1
egl_context_create                 rpc_send_ctrl_write                        1
egl_context_create                 rpc_send_ctrl_begin                        1
egl_context_create                 rpc_begin                                  1
egl_context_create                 platform_tls_get                           1
egl_context_create                 khrn_platform_malloc                       2
<UNKNOWN>                          eglGetDisplay                              1
eglGetDisplay                      khrn_platform_set_display_id               1
eglGetDisplay                      platform_tls_get_check                     1
choose_config                      platform_client_release                    1
choose_config                      egl_config_filter                         28
choose_config                      egl_config_sort                            1
choose_config                      egl_config_check_attribs                   1
choose_config                      client_egl_get_process_state               1
choose_config                      platform_client_lock                       1
choose_config                      platform_tls_get                           1
<UNKNOWN>                          eglChooseConfig                            1
<UNKNOWN>                          eglInitialize                              1
eglInitialize                      khrn_init_options                          1
eglInitialize                      platform_client_release                    1
eglInitialize                      client_process_state_init                  1
eglInitialize                      client_egl_get_process_state               1
eglInitialize                      platform_client_lock                       1
eglInitialize                      platform_tls_get                           1
<UNKNOWN>                          eglCreateWindowSurface                     1
eglCreateWindowSurface             platform_client_release                    1
eglCreateWindowSurface             khrn_pointer_map_insert                    1
eglCreateWindowSurface             egl_surface_create                         1
eglCreateWindowSurface             platform_get_dimensions                    1
eglCreateWindowSurface             egl_surface_check_attribs                  1
eglCreateWindowSurface             platform_get_handle                        1
eglCreateWindowSurface             client_egl_get_process_state               1
eglCreateWindowSurface             platform_client_lock                       1
eglCreateWindowSurface             platform_tls_get                           1
<UNKNOWN>                          eglBindAPI                                 1
eglBindAPI                         platform_tls_get                           1
<UNKNOWN>                          eglCreateContext                           1
eglCreateContext                   platform_client_release                    1
eglCreateContext                   khrn_pointer_map_insert                    1
eglCreateContext                   egl_context_create                         1
eglCreateContext                   egl_config_get_api_support                 1
eglCreateContext                   egl_context_check_attribs                  1
eglCreateContext                   client_egl_get_process_state               1
eglCreateContext                   platform_client_lock                       1
eglCreateContext                   platform_tls_get                           1
context_and_surface_are_compatible egl_config_get_api_support                 2
context_and_surface_are_compatible egl_config_bpps_match                      2
egl_current_set                    egl_context_set_callbacks                  1
egl_current_set                    egl_surface_get_render_buffer              1
<UNKNOWN>                          eglMakeCurrent                             1
eglMakeCurrent                     platform_client_release                    1
eglMakeCurrent                     client_send_make_current                   1
eglMakeCurrent                     client_egl_get_surface                     2
eglMakeCurrent                     client_egl_get_context                     1
eglMakeCurrent                     client_egl_get_process_state               1
eglMakeCurrent                     platform_client_lock                       1
eglMakeCurrent                     platform_tls_get                           1
<UNKNOWN>                          eglSwapBuffers                             1
eglSwapBuffers                     platform_client_release                    1
eglSwapBuffers                     rpc_flush                                  1
eglSwapBuffers                     rpc_send_ctrl_end                          1
eglSwapBuffers                     rpc_send_ctrl_write                        1
eglSwapBuffers                     rpc_send_ctrl_begin                        1
eglSwapBuffers                     khrn_platform_get_window_position          1
eglSwapBuffers                     platform_surface_update                    1
eglSwapBuffers                     platform_get_dimensions                    1
eglSwapBuffers                     client_egl_get_surface                     1
eglSwapBuffers                     client_egl_get_process_state               1
eglSwapBuffers                     platform_client_lock                       1
eglSwapBuffers                     platform_tls_get                           1
egl_surface_create                 rpc_end                                    1
egl_surface_create                 rpc_recv                                   1
egl_surface_create                 rpc_send_ctrl_end                          1
egl_surface_create                 rpc_send_ctrl_write                        1
egl_surface_create                 rpc_send_ctrl_begin                        1
egl_surface_create                 rpc_begin                                  1
egl_surface_create                 khronos_platform_semaphore_create          1
egl_surface_create                 rpc_get_client_id                          1
egl_surface_create                 egl_config_get_attrib                      2
egl_surface_create                 egl_config_get_multisample_format          1
egl_surface_create                 egl_config_get_mask_format                 1
egl_surface_create                 egl_config_get_depth_format                1
egl_surface_create                 egl_config_get_color_format                1
egl_surface_create                 platform_tls_get                           1
khrn_global_image_map_init         khrn_platform_malloc                       1
merge_flush                        rpc_end                                   42
merge_flush                        client_send_make_current                  42
merge_flush                        rpc_begin                                 42
<UNKNOWN>                          rpc_flush                                  1
<UNKNOWN>                          rpc_send_ctrl_begin                       65
<UNKNOWN>                          rpc_send_ctrl_write                       66
<UNKNOWN>                          rpc_send_ctrl_end                         65
<UNKNOWN>                          rpc_send_bulk                              8
<UNKNOWN>                          rpc_recv                                  38
<UNKNOWN>                          rpc_begin                                 42
<UNKNOWN>                          rpc_end                                   42
rpc_call8_makecurrent              rpc_end                                    1
rpc_call8_makecurrent              rpc_begin                                  1
rpc_call8_makecurrent              rpc_send_ctrl_end                         44
rpc_call8_makecurrent              rpc_send_ctrl_write                       44
rpc_call8_makecurrent              rpc_send_ctrl_begin                       44
<UNKNOWN>                          platform_tls_get                          73
platform_tls_get                   client_thread_attach                       1
platform_tls_get                   vc_vchi_khronos_init                       1
platform_tls_get                   client_process_attach                      1
platform_tls_get_check             platform_tls_get                           1
<UNKNOWN>                          khrn_platform_malloc                       1
client_process_state_init          egl_config_install_configs                 1
client_process_state_init          khrn_global_image_map_init                 1
client_process_state_init          khrn_pointer_map_init                      4
client_egl_get_context             khrn_pointer_map_lookup                    1
client_egl_get_surface             khrn_pointer_map_lookup                    3
client_send_make_current           rpc_call8_makecurrent                     44
client_send_make_current           rpc_get_client_id                         44
client_process_attach              khclient_rpc_init                          1
client_thread_attach               client_send_make_current                   1
client_thread_attach               client_thread_state_init                   1
client_thread_attach               khrn_platform_malloc                       1
<UNKNOWN>                          khrn_pointer_map_init                      2
khrn_pointer_map_init              khrn_platform_malloc                       6
<UNKNOWN>                          khrn_pointer_map_insert                    1
<UNKNOWN>                          khrn_pointer_map_lookup                    2
