<UNKNOWN>                          glAttachShader                             2
<UNKNOWN>                          glBindBuffer                               3
<UNKNOWN>                          glBindTexture                              2
<UNKNOWN>                          glBufferData                               1
glBufferData                       glxx_buffer_info_set                       1
glBufferData                       glxx_buffer_info_get                       1
<UNKNOWN>                          glClear                                    2
<UNKNOWN>                          glClearColor                               2
<UNKNOWN>                          glCreateProgram                            1
<UNKNOWN>                          glCreateShader                             2
<UNKNOWN>                          glDrawArrays                               1
<UNKNOWN>                          glEnableVertexAttribArray                  1
glEnableVertexAttribArray          glintAttribEnable                          1
<UNKNOWN>                          glFinish                                   1
<UNKNOWN>                          glFlush                                    1
<UNKNOWN>                          glGenBuffers                               1
<UNKNOWN>                          glGenTextures                              1
<UNKNOWN>                          glGetAttribLocation                        1
<UNKNOWN>                          glGetError                                30
<UNKNOWN>                          glGetProgramInfoLog                        1
<UNKNOWN>                          glLinkProgram                              1
<UNKNOWN>                          glTexImage2D                               1
<UNKNOWN>                          glTexParameterf                            2
<UNKNOWN>                          glUseProgram                               1
<UNKNOWN>                          glVertexAttribPointer                      1
glVertexAttribPointer              glintAttribPointer                         1
<UNKNOWN>                          glViewport                                 1
<UNKNOWN>                          glCompileShader                            2
<UNKNOWN>                          glGetShaderInfoLog                         2
<UNKNOWN>                          glShaderSource                             2
<UNKNOWN>                          glBindFramebuffer                          3
glBindFramebuffer                  glxx_client_BindFramebuffer                3
<UNKNOWN>                          glGenFramebuffers                          1
glGenFramebuffers                  glxx_client_GenFramebuffers                1
<UNKNOWN>                          glFramebufferTexture2D                     1
glFramebufferTexture2D             glxx_client_FramebufferTexture2D           1
<UNKNOWN>                          gl20_client_state_init                     1
gl20_client_state_init             khrn_cache_init                            1
