<UNKNOWN>                          graphics_get_display_size                  1
graphics_get_display_size          vc_dispmanx_display_close                  1
graphics_get_display_size          vc_dispmanx_display_get_info               1
graphics_get_display_size          vc_dispmanx_display_open                   1
<UNKNOWN>                          bcm_host_init                              1
bcm_host_init                      vc_gencmd                                  1
bcm_host_init                      vc_vchi_cec_init                           1
bcm_host_init                      vc_vchi_tv_init                            1
bcm_host_init                      vc_vchi_dispmanx_init                      1
bcm_host_init                      vc_vchi_gencmd_init                        1
vc_vchi_gencmd_init                release_gencmd_service                     1
vc_gencmd_send_list                release_gencmd_service                     1
vc_gencmd_send_list                use_gencmd_service                         1
vc_gencmd_read_response            release_gencmd_service                     1
vc_gencmd_read_response            use_gencmd_service                         1
vc_gencmd                          release_gencmd_service                     1
vc_gencmd                          vc_gencmd_read_response                    1
vc_gencmd                          vc_gencmd_send_list                        1
vc_gencmd                          use_gencmd_service                         1
vc_vchi_tv_init                    vc_tv_get_attached_devices                 1
<UNKNOWN>                          vc_dispmanx_display_open                   1
<UNKNOWN>                          vc_dispmanx_update_start                   1
<UNKNOWN>                          vc_dispmanx_update_submit_sync             1
<UNKNOWN>                          vc_dispmanx_element_add                    1
