<UNKNOWN>                          vcos_thread_create                         4
vcos_platform_init                 vcos_logging_init                          1
vcos_platform_init                 vcos_msgq_init                             1
vcos_platform_init                 vcos_once                                  1
vcos_platform_init                 _vcos_named_semaphore_init                 1
<UNKNOWN>                          vcos_global_lock                           3
<UNKNOWN>                          vcos_global_unlock                         3
<UNKNOWN>                          vcos_thread_attr_init                      4
<UNKNOWN>                          vcos_snprintf                              1
<UNKNOWN>                          vcos_thread_at_exit                        1
<UNKNOWN>                          vcos_generic_mem_alloc_aligned             1
<UNKNOWN>                          vcos_generic_mem_alloc                    24
vcos_generic_mem_alloc             vcos_generic_mem_alloc_aligned            24
vcos_blockpool_init                vcos_generic_blockpool_init                1
vcos_blockpool_extend              vcos_generic_blockpool_extend              1
vcos_blockpool_calloc              vcos_generic_blockpool_calloc              1
<UNKNOWN>                          vcos_generic_named_semaphore_create         1
<UNKNOWN>                          vcos_generic_reentrant_mutex_create         2
<UNKNOWN>                          vcos_generic_reentrant_mutex_lock         93
<UNKNOWN>                          vcos_generic_reentrant_mutex_unlock        93
<UNKNOWN>                          vcos_init                                  1
vcos_init                          vcos_global_unlock                         2
vcos_init                          vcos_platform_init                         1
vcos_init                          vcos_global_lock                           2
vcos_deinit                        vcos_global_unlock                         1
vcos_deinit                        vcos_global_lock                           1
vcos_ctor                          vcos_init                                  1
vcos_dtor                          vcos_deinit                                1
vcos_logging_init                  vcos_log_register                          1
vcos_logging_init                  _vcos_log_platform_init                    1
<UNKNOWN>                          vcos_log_register                          4
<UNKNOWN>                          vcos_log_get_default_category              2
vcos_generic_blockpool_calloc      vcos_generic_blockpool_alloc               1
