<UNKNOWN>                          vchiq_initialise                           2
vchiq_initialise                   vchiq_initialise_fd                        2
<UNKNOWN>                          vchiq_connect                              1
<UNKNOWN>                          vchiq_open_service                         3
<UNKNOWN>                          vchiq_queue_message                       48
<UNKNOWN>                          vchiq_release_message                     46
<UNKNOWN>                          vchiq_get_client_id                       45
<UNKNOWN>                          vchi_mphi_message_driver_func_table         1
<UNKNOWN>                          single_get_func_table                      1
<UNKNOWN>                          vchi_create_connection                     1
<UNKNOWN>                          vchi_msg_queue                             1
<UNKNOWN>                          vchi_msg_dequeue                          18
<UNKNOWN>                          vchi_msg_queuev                            9
<UNKNOWN>                          vchi_initialise                            1
<UNKNOWN>                          vchi_connect                               1
vchi_connect                       vchiq_connect                              1
<UNKNOWN>                          vchi_service_open                          7
<UNKNOWN>                          vchi_service_use                          13
<UNKNOWN>                          vchi_service_release                      19
<UNKNOWN>                          vchiu_queue_init                           2
<UNKNOWN>                          vchiu_queue_push                          46
<UNKNOWN>                          vchiu_queue_pop                           46
