
index % time    self  children    called     name

                0.00    0.00        2/2           vchiq_initialise [10]
[9]      0.0    0.00    0.00        2         vchiq_initialise_fd [9]
-----------------------------------------------
                0.00    0.00        2/2           <UNKNOWN>
[10]     0.0    0.00    0.00        2         vchiq_initialise [10]
                0.00    0.00        2/2           vchiq_initialise_fd [9]
-----------------------------------------------
                0.00    0.00        1/2           <UNKNOWN>
                0.00    0.00        1/2           vchi_connect [47]
[12]     0.0    0.00    0.00        2         vchiq_connect [12]
-----------------------------------------------
                0.00    0.00        3/3           <UNKNOWN>
[14]     0.0    0.00    0.00        3         vchiq_open_service [14]
-----------------------------------------------
                0.00    0.00       48/48          <UNKNOWN>
[17]     0.0    0.00    0.00       48         vchiq_queue_message [17]
-----------------------------------------------
                0.00    0.00       46/46          <UNKNOWN>
[18]     0.0    0.00    0.00       46         vchiq_release_message [18]
-----------------------------------------------
                0.00    0.00       45/45          <UNKNOWN>
[27]     0.0    0.00    0.00       45         vchiq_get_client_id [27]
-----------------------------------------------
                0.00    0.00        1/1           <UNKNOWN>
[34]     0.0    0.00    0.00        1         vchi_mphi_message_driver_func_table [34]
-----------------------------------------------
                0.00    0.00        1/1           <UNKNOWN>
[35]     0.0    0.00    0.00        1         single_get_func_table [35]
-----------------------------------------------
                0.00    0.00        1/1           <UNKNOWN>
[36]     0.0    0.00    0.00        1         vchi_create_connection [36]
-----------------------------------------------
                0.00    0.00        1/1           <UNKNOWN>
[39]     0.0    0.00    0.00        1         vchi_msg_queue [39]
-----------------------------------------------
                0.00    0.00       18/18          <UNKNOWN>
[42]     0.0    0.00    0.00       18         vchi_msg_dequeue [42]
-----------------------------------------------
                0.00    0.00        9/9           <UNKNOWN>
[43]     0.0    0.00    0.00        9         vchi_msg_queuev [43]
-----------------------------------------------
                0.00    0.00        1/1           <UNKNOWN>
[46]     0.0    0.00    0.00        1         vchi_initialise [46]
-----------------------------------------------
                0.00    0.00        1/1           <UNKNOWN>
[47]     0.0    0.00    0.00        1         vchi_connect [47]
                0.00    0.00        1/2           vchiq_connect [12]
-----------------------------------------------
                0.00    0.00        7/7           <UNKNOWN>
[49]     0.0    0.00    0.00        7         vchi_service_open [49]
-----------------------------------------------
                0.00    0.00       13/13          <UNKNOWN>
[57]     0.0    0.00    0.00       13         vchi_service_use [57]
-----------------------------------------------
                0.00    0.00       19/19          <UNKNOWN>
[58]     0.0    0.00    0.00       19         vchi_service_release [58]
-----------------------------------------------
                0.00    0.00        2/2           <UNKNOWN>
[78]     0.0    0.00    0.00        2         vchiu_queue_init [78]
-----------------------------------------------
                0.00    0.00       46/46          <UNKNOWN>
[82]     0.0    0.00    0.00       46         vchiu_queue_push [82]
-----------------------------------------------
                0.00    0.00       46/46          <UNKNOWN>
[84]     0.0    0.00    0.00       46         vchiu_queue_pop [84]
-----------------------------------------------
