
index % time    self  children    called     name

                0.00    0.00        4/4           <UNKNOWN>
[18]     0.0    0.00    0.00        4         vcos_thread_create [18]
-----------------------------------------------
                0.00    0.00        1/1           vcos_logging_init [184]
[23]     0.0    0.00    0.00        1         _vcos_log_platform_init [23]
-----------------------------------------------
                0.00    0.00        1/1           vcos_init [138]
[25]     0.0    0.00    0.00        1         vcos_platform_init [25]
                0.00    0.00        1/1           vcos_logging_init [184]
                0.00    0.00        1/1           vcos_msgq_init [165]
                0.00    0.00        1/1           vcos_once [45]
                0.00    0.00        1/1           _vcos_named_semaphore_init [94]
-----------------------------------------------
                0.00    0.00        1/6           vcos_deinit [139]
                0.00    0.00        3/6           <UNKNOWN>
                0.00    0.00        2/6           vcos_init [138]
[27]     0.0    0.00    0.00        6         vcos_global_lock [27]
-----------------------------------------------
                0.00    0.00        1/6           vcos_deinit [139]
                0.00    0.00        3/6           <UNKNOWN>
                0.00    0.00        2/6           vcos_init [138]
[28]     0.0    0.00    0.00        6         vcos_global_unlock [28]
-----------------------------------------------
                0.00    0.00        4/4           <UNKNOWN>
[30]     0.0    0.00    0.00        4         vcos_thread_attr_init [30]
-----------------------------------------------
                0.00    0.00        1/1           <UNKNOWN>
[36]     0.0    0.00    0.00        1         vcos_snprintf [36]
-----------------------------------------------
                0.00    0.00        1/1           <UNKNOWN>
[40]     0.0    0.00    0.00        1         vcos_thread_at_exit [40]
-----------------------------------------------
                0.00    0.00        1/1           vcos_platform_init [25]
[45]     0.0    0.00    0.00        1         vcos_once [45]
-----------------------------------------------
                0.00    0.00        1/25          <UNKNOWN>
                0.00    0.00       24/25          vcos_generic_mem_alloc [78]
[77]     0.0    0.00    0.00       25         vcos_generic_mem_alloc_aligned [77]
-----------------------------------------------
                0.00    0.00       24/24          <UNKNOWN>
[78]     0.0    0.00    0.00       24         vcos_generic_mem_alloc [78]
                0.00    0.00       24/25          vcos_generic_mem_alloc_aligned [77]
-----------------------------------------------
[81]     0.0    0.00    0.00        0         vcos_blockpool_init [81]
                0.00    0.00        1/1           vcos_generic_blockpool_init [204]
-----------------------------------------------
[82]     0.0    0.00    0.00        0         vcos_blockpool_extend [82]
                0.00    0.00        1/1           vcos_generic_blockpool_extend [206]
-----------------------------------------------
[83]     0.0    0.00    0.00        0         vcos_blockpool_calloc [83]
                0.00    0.00        1/1           vcos_generic_blockpool_calloc [208]
-----------------------------------------------
                0.00    0.00        1/1           vcos_platform_init [25]
[94]     0.0    0.00    0.00        1         _vcos_named_semaphore_init [94]
-----------------------------------------------
                0.00    0.00        1/1           <UNKNOWN>
[96]     0.0    0.00    0.00        1         vcos_generic_named_semaphore_create [96]
-----------------------------------------------
                0.00    0.00        2/2           <UNKNOWN>
[106]    0.0    0.00    0.00        2         vcos_generic_reentrant_mutex_create [106]
-----------------------------------------------
                0.00    0.00       93/93          <UNKNOWN>
[108]    0.0    0.00    0.00       93         vcos_generic_reentrant_mutex_lock [108]
-----------------------------------------------
                0.00    0.00       93/93          <UNKNOWN>
[109]    0.0    0.00    0.00       93         vcos_generic_reentrant_mutex_unlock [109]
-----------------------------------------------
                0.00    0.00        1/2           <UNKNOWN>
                0.00    0.00        1/2           vcos_ctor [140]
[138]    0.0    0.00    0.00        2         vcos_init [138]
                0.00    0.00        2/6           vcos_global_unlock [28]
                0.00    0.00        1/1           vcos_platform_init [25]
                0.00    0.00        2/6           vcos_global_lock [27]
-----------------------------------------------
                0.00    0.00        1/1           vcos_dtor [141]
[139]    0.0    0.00    0.00        1         vcos_deinit [139]
                0.00    0.00        1/6           vcos_global_unlock [28]
                0.00    0.00        1/6           vcos_global_lock [27]
-----------------------------------------------
[140]    0.0    0.00    0.00        0         vcos_ctor [140]
                0.00    0.00        1/2           vcos_init [138]
-----------------------------------------------
[141]    0.0    0.00    0.00        0         vcos_dtor [141]
                0.00    0.00        1/1           vcos_deinit [139]
-----------------------------------------------
                0.00    0.00        1/1           vcos_platform_init [25]
[165]    0.0    0.00    0.00        1         vcos_msgq_init [165]
-----------------------------------------------
                0.00    0.00        1/1           vcos_platform_init [25]
[184]    0.0    0.00    0.00        1         vcos_logging_init [184]
                0.00    0.00        1/5           vcos_log_register [189]
                0.00    0.00        1/1           _vcos_log_platform_init [23]
-----------------------------------------------
                0.00    0.00        4/5           <UNKNOWN>
                0.00    0.00        1/5           vcos_logging_init [184]
[189]    0.0    0.00    0.00        5         vcos_log_register [189]
-----------------------------------------------
                0.00    0.00        2/2           <UNKNOWN>
[191]    0.0    0.00    0.00        2         vcos_log_get_default_category [191]
-----------------------------------------------
                0.00    0.00        1/1           vcos_blockpool_init [81]
[204]    0.0    0.00    0.00        1         vcos_generic_blockpool_init [204]
-----------------------------------------------
                0.00    0.00        1/1           vcos_blockpool_extend [82]
[206]    0.0    0.00    0.00        1         vcos_generic_blockpool_extend [206]
-----------------------------------------------
                0.00    0.00        1/1           vcos_generic_blockpool_calloc [208]
[207]    0.0    0.00    0.00        1         vcos_generic_blockpool_alloc [207]
-----------------------------------------------
                0.00    0.00        1/1           vcos_blockpool_calloc [83]
[208]    0.0    0.00    0.00        1         vcos_generic_blockpool_calloc [208]
                0.00    0.00        1/1           vcos_generic_blockpool_alloc [207]
-----------------------------------------------
